<?xml version="1.0" encoding="UTF-8"?>
<!-- Generated by org.testng.reporters.JUnitReportReporter -->
<testsuite hostname="karvendhan" failures="0" tests="2" name="test.SignUpTest" time="10.787" errors="0" timestamp="2025-08-10T17:21:05 IST" skipped="0">
  <testcase classname="test.SignUpTest" name="signUp_ExistingUser_ShouldShowExistsAlert" time="6.523"/>
  <testcase classname="test.SignUpTest" name="signUp_NewUser_ShouldShowSuccessAlert" time="4.264"/>
</testsuite> <!-- test.SignUpTest -->
