<?xml version="1.0" encoding="UTF-8"?>
<!-- Generated by org.testng.reporters.JUnitReportReporter -->
<testsuite hostname="karvendhan" failures="0" tests="2" name="test.LoginTest" time="15.155" errors="0" timestamp="2025-08-10T18:07:05 IST" skipped="0">
  <testcase classname="test.LoginTest" name="login_ValidCredentials_ShouldShowUsername" time="9.836"/>
  <testcase classname="test.LoginTest" name="login_InvalidPassword_ShouldShowAlert" time="5.319"/>
</testsuite> <!-- test.LoginTest -->
