<?xml version="1.0" encoding="UTF-8"?>
<!-- Generated by org.testng.reporters.JUnitReportReporter -->
<testsuite hostname="karvendhan" failures="0" tests="2" name="test.SignUpTest" time="9.791" errors="0" timestamp="2025-08-10T17:44:13 IST" skipped="0">
  <testcase classname="test.SignUpTest" name="signUp_NewUser_ShouldShowSuccessAlert" time="5.342"/>
  <system-out/>
  <testcase classname="test.SignUpTest" name="signUp_ExistingUser_ShouldShowExistsAlert" time="4.449"/>
  <system-out/>
</testsuite> <!-- test.SignUpTest -->
