<?xml version="1.0" encoding="UTF-8"?>
<!-- Generated by org.testng.reporters.JUnitReportReporter -->
<testsuite hostname="karvendhan" failures="0" tests="2" name="test.LoginTest" time="10.773" errors="0" timestamp="2025-08-10T17:44:13 IST" skipped="0">
  <testcase classname="test.LoginTest" name="login_ValidCredentials_ShouldShowUsername" time="5.771"/>
  <system-out/>
  <testcase classname="test.LoginTest" name="login_InvalidPassword_ShouldShowAlert" time="5.002"/>
  <system-out/>
</testsuite> <!-- test.LoginTest -->
