<?xml version="1.0" encoding="UTF-8"?>
<!-- Generated by org.testng.reporters.JUnitReportReporter -->
<testsuite hostname="karvendhan" failures="0" tests="2" name="test.LoginTest" time="14.665" errors="0" timestamp="2025-08-10T18:20:21 IST" skipped="0">
  <testcase classname="test.LoginTest" name="login_InvalidPassword_ShouldShowAlert" time="5.876"/>
  <testcase classname="test.LoginTest" name="login_ValidCredentials_ShouldShowUsername" time="8.789"/>
</testsuite> <!-- test.LoginTest -->
