<?xml version="1.0" encoding="UTF-8"?>
<!-- Generated by org.testng.reporters.JUnitReportReporter -->
<testsuite hostname="karvendhan" failures="0" tests="2" name="test.SignUpTest" time="16.049" errors="0" timestamp="2025-08-10T18:20:21 IST" skipped="0">
  <testcase classname="test.SignUpTest" name="signUp_NewUser_ShouldShowSuccessAlert" time="8.672"/>
  <testcase classname="test.SignUpTest" name="signUp_ExistingUser_ShouldShowExistsAlert" time="7.377"/>
</testsuite> <!-- test.SignUpTest -->
